ok: [localhost] => {
    "certbot": {
        "changed": true, 
        "cmd": [
            "certbot", 
            "run", 
            "-n", 
            "-i", 
            "apache", 
            "-d", 
            "beta.hitchwiki.org"
        ], 
        "delta": "0:00:06.291056", 
        "end": "2017-10-27 23:48:45.994099", 
        "failed": false, 
        "rc": 0, 
        "start": "2017-10-27 23:48:39.703043", 
        "stderr_lines": [
            "Saving debug log to /var/log/letsencrypt/letsencrypt.log", 
            "Plugins selected: Authenticator webroot, Installer apache", 
            "Obtaining a new certificate", 
            "Performing the following challenges:", 
            "http-01 challenge for beta.hitchwiki.org", 
            "Using the webroot path /var/www/public for all unmatched domains.", 
            "Waiting for verification...", 
            "Cleaning up challenges", 
            "Deploying Certificate for beta.hitchwiki.org to VirtualHost /etc/apache2/sites-enabled/default-ssl.conf"
        ], 
        "stdout_lines": [
            "", 
            "-------------------------------------------------------------------------------", 
            "Congratulations! You have successfully enabled https://beta.hitchwiki.org", 
            "", 
            "You should test your configuration at:", 
            "https://www.ssllabs.com/ssltest/analyze.html?d=beta.hitchwiki.org", 
            "-------------------------------------------------------------------------------", 
            "IMPORTANT NOTES:", 
            " - Congratulations! Your certificate and chain have been saved at:", 
            "   /etc/letsencrypt/live/beta.hitchwiki.org/fullchain.pem", 
            "   Your key file has been saved at:", 
            "   /etc/letsencrypt/live/beta.hitchwiki.org/privkey.pem", 
            "   Your cert will expire on 2018-01-25. To obtain a new or tweaked", 
            "   version of this certificate in the future, simply run certbot again", 
            "   with the \"certonly\" option. To non-interactively renew *all* of", 
            "   your certificates, run \"certbot renew\"", 
            " - If you like Certbot, please consider supporting our work by:", 
            "", 
            "   Donating to ISRG / Let's Encrypt:   https://letsencrypt.org/donate", 
            "   Donating to EFF:                    https://eff.org/donate-le"

        "-------------------------------------------------------------------------------", 
        "Found the following certs:", 
        "  Certificate Name: beta.hitchwiki.org", 
        "    Domains: beta.hitchwiki.org", 
        "    Expiry Date: 2018-01-25 22:48:45+00:00 (VALID: 89 days)", 
        "    Certificate Path: /etc/letsencrypt/live/beta.hitchwiki.org/fullchain.pem", 
        "    Private Key Path: /etc/letsencrypt/live/beta.hitchwiki.org/privkey.pem", 
        "-------------------------------------------------------------------------------"

ls /etc/letsencrypt/live/beta.hitchwiki.org/
cert.pem  chain.pem  fullchain.pem  privkey.pem  README

This directory contains your keys and certificates.

`privkey.pem`  : the private key for your certificate.
`fullchain.pem`: the certificate file used in most server software.
`chain.pem`    : used for OCSP stapling in Nginx >=1.3.7.
`cert.pem`     : will break many server configurations, and should not be used
                 without reading further documentation (see link below).

We recommend not moving these files. For more information, see the Certbot
User Guide at https://certbot.eff.org/docs/using.html#where-are-my-certificates.
